  score.cpp
D:\HocKy3\AI-Tank\Pack3.3a\Pack\Bots\C++\C++Template\AI_Template\src\score.cpp(14,16): warning C4244: 'initializing': conversion from 'double' to 'int', possible loss of data
D:\HocKy3\AI-Tank\Pack3.3a\Pack\Bots\C++\C++Template\AI_Template\src\score.cpp(15,20): warning C4244: 'initializing': conversion from 'double' to 'int', possible loss of data
D:\HocKy3\AI-Tank\Pack3.3a\Pack\Bots\C++\C++Template\AI_Template\src\score.cpp(43,16): warning C4244: 'initializing': conversion from 'double' to 'int', possible loss of data
D:\HocKy3\AI-Tank\Pack3.3a\Pack\Bots\C++\C++Template\AI_Template\src\score.cpp(44,20): warning C4244: 'initializing': conversion from 'double' to 'int', possible loss of data
D:\HocKy3\AI-Tank\Pack3.3a\Pack\Bots\C++\C++Template\AI_Template\src\score.cpp(85,51): warning C4244: 'argument': conversion from 'float' to 'int', possible loss of data
D:\HocKy3\AI-Tank\Pack3.3a\Pack\Bots\C++\C++Template\AI_Template\src\score.cpp(85,40): warning C4244: 'argument': conversion from 'float' to 'int', possible loss of data
D:\HocKy3\AI-Tank\Pack3.3a\Pack\Bots\C++\C++Template\AI_Template\src\score.cpp(105,68): warning C4244: 'argument': conversion from 'double' to 'float', possible loss of data
D:\HocKy3\AI-Tank\Pack3.3a\Pack\Bots\C++\C++Template\AI_Template\src\score.cpp(105,51): warning C4244: 'argument': conversion from 'double' to 'float', possible loss of data
D:\HocKy3\AI-Tank\Pack3.3a\Pack\Bots\C++\C++Template\AI_Template\src\score.cpp(129,65): warning C4244: 'argument': conversion from 'int' to 'float', possible loss of data
D:\HocKy3\AI-Tank\Pack3.3a\Pack\Bots\C++\C++Template\AI_Template\src\score.cpp(129,50): warning C4244: 'argument': conversion from 'int' to 'float', possible loss of data
D:\HocKy3\AI-Tank\Pack3.3a\Pack\Bots\C++\C++Template\AI_Template\src\score.cpp(162,35): warning C4244: 'argument': conversion from 'int' to 'float', possible loss of data
D:\HocKy3\AI-Tank\Pack3.3a\Pack\Bots\C++\C++Template\AI_Template\src\score.cpp(162,31): warning C4244: 'argument': conversion from 'int' to 'float', possible loss of data
D:\HocKy3\AI-Tank\Pack3.3a\Pack\Bots\C++\C++Template\AI_Template\src\score.cpp(194,35): warning C4244: 'argument': conversion from 'int' to 'float', possible loss of data
D:\HocKy3\AI-Tank\Pack3.3a\Pack\Bots\C++\C++Template\AI_Template\src\score.cpp(194,31): warning C4244: 'argument': conversion from 'int' to 'float', possible loss of data
D:\HocKy3\AI-Tank\Pack3.3a\Pack\Bots\C++\C++Template\AI_Template\src\score.cpp(217,36): warning C4244: 'argument': conversion from 'int' to 'float', possible loss of data
D:\HocKy3\AI-Tank\Pack3.3a\Pack\Bots\C++\C++Template\AI_Template\src\score.cpp(217,33): warning C4244: 'argument': conversion from 'int' to 'float', possible loss of data
D:\HocKy3\AI-Tank\Pack3.3a\Pack\Bots\C++\C++Template\AI_Template\src\score.cpp(240,88): warning C4244: 'argument': conversion from 'float' to 'int', possible loss of data
D:\HocKy3\AI-Tank\Pack3.3a\Pack\Bots\C++\C++Template\AI_Template\src\score.cpp(240,45): warning C4244: 'argument': conversion from 'float' to 'int', possible loss of data
D:\HocKy3\AI-Tank\Pack3.3a\Pack\Bots\C++\C++Template\AI_Template\src\score.cpp(240,27): warning C4244: 'argument': conversion from 'float' to 'int', possible loss of data
D:\HocKy3\AI-Tank\Pack3.3a\Pack\Bots\C++\C++Template\AI_Template\src\score.cpp(241,91): warning C4244: 'argument': conversion from 'float' to 'int', possible loss of data
D:\HocKy3\AI-Tank\Pack3.3a\Pack\Bots\C++\C++Template\AI_Template\src\score.cpp(241,49): warning C4244: 'argument': conversion from 'float' to 'int', possible loss of data
D:\HocKy3\AI-Tank\Pack3.3a\Pack\Bots\C++\C++Template\AI_Template\src\score.cpp(241,31): warning C4244: 'argument': conversion from 'float' to 'int', possible loss of data
D:\HocKy3\AI-Tank\Pack3.3a\Pack\Bots\C++\C++Template\AI_Template\src\score.cpp(247,16): warning C4244: 'initializing': conversion from 'float' to 'int', possible loss of data
D:\HocKy3\AI-Tank\Pack3.3a\Pack\Bots\C++\C++Template\AI_Template\src\score.cpp(248,16): warning C4244: 'initializing': conversion from 'float' to 'int', possible loss of data
D:\HocKy3\AI-Tank\Pack3.3a\Pack\Bots\C++\C++Template\AI_Template\src\score.cpp(273,16): warning C4244: 'initializing': conversion from 'float' to 'int', possible loss of data
D:\HocKy3\AI-Tank\Pack3.3a\Pack\Bots\C++\C++Template\AI_Template\src\score.cpp(274,16): warning C4244: 'initializing': conversion from 'float' to 'int', possible loss of data
D:\HocKy3\AI-Tank\Pack3.3a\Pack\Bots\C++\C++Template\AI_Template\src\score.cpp(289,16): warning C4244: 'initializing': conversion from 'double' to 'int', possible loss of data
D:\HocKy3\AI-Tank\Pack3.3a\Pack\Bots\C++\C++Template\AI_Template\src\score.cpp(290,16): warning C4244: 'initializing': conversion from 'double' to 'int', possible loss of data
D:\HocKy3\AI-Tank\Pack3.3a\Pack\Bots\C++\C++Template\AI_Template\src\score.cpp(325,13): warning C4244: 'initializing': conversion from 'float' to 'int', possible loss of data
D:\HocKy3\AI-Tank\Pack3.3a\Pack\Bots\C++\C++Template\AI_Template\src\score.cpp(326,13): warning C4244: 'initializing': conversion from 'float' to 'int', possible loss of data
D:\HocKy3\AI-Tank\Pack3.3a\Pack\Bots\C++\C++Template\AI_Template\src\score.cpp(338,37): warning C4244: 'argument': conversion from 'int' to 'float', possible loss of data
D:\HocKy3\AI-Tank\Pack3.3a\Pack\Bots\C++\C++Template\AI_Template\src\score.cpp(338,34): warning C4244: 'argument': conversion from 'int' to 'float', possible loss of data
D:\HocKy3\AI-Tank\Pack3.3a\Pack\Bots\C++\C++Template\AI_Template\src\score.cpp(346,71): warning C4244: 'argument': conversion from 'int' to 'float', possible loss of data
D:\HocKy3\AI-Tank\Pack3.3a\Pack\Bots\C++\C++Template\AI_Template\src\score.cpp(346,68): warning C4244: 'argument': conversion from 'int' to 'float', possible loss of data
D:\HocKy3\AI-Tank\Pack3.3a\Pack\Bots\C++\C++Template\AI_Template\src\score.cpp(385,24): warning C4244: 'initializing': conversion from 'float' to 'int', possible loss of data
D:\HocKy3\AI-Tank\Pack3.3a\Pack\Bots\C++\C++Template\AI_Template\src\score.cpp(386,24): warning C4244: 'initializing': conversion from 'float' to 'int', possible loss of data
D:\HocKy3\AI-Tank\Pack3.3a\Pack\Bots\C++\C++Template\AI_Template\src\score.cpp(389,88): warning C4244: 'argument': conversion from 'int' to 'float', possible loss of data
D:\HocKy3\AI-Tank\Pack3.3a\Pack\Bots\C++\C++Template\AI_Template\src\score.cpp(389,81): warning C4244: 'argument': conversion from 'int' to 'float', possible loss of data
D:\HocKy3\AI-Tank\Pack3.3a\Pack\Bots\C++\C++Template\AI_Template\src\score.cpp(411,73): warning C4244: 'argument': conversion from 'int' to 'float', possible loss of data
D:\HocKy3\AI-Tank\Pack3.3a\Pack\Bots\C++\C++Template\AI_Template\src\score.cpp(411,69): warning C4244: 'argument': conversion from 'int' to 'float', possible loss of data
D:\HocKy3\AI-Tank\Pack3.3a\Pack\Bots\C++\C++Template\AI_Template\src\score.cpp(412,37): warning C4244: 'argument': conversion from 'int' to 'float', possible loss of data
D:\HocKy3\AI-Tank\Pack3.3a\Pack\Bots\C++\C++Template\AI_Template\src\score.cpp(412,33): warning C4244: 'argument': conversion from 'int' to 'float', possible loss of data
  AI_Template.vcxproj -> D:\HocKy3\AI-Tank\Pack3.3a\Pack\Bots\C++\C++Template\2015_Debug\AI_Template.exe
